<component name="libraryTable">
  <library name="JUNIT">
    <CLASSES>
      <root url="file://$PROJECT_DIR$/../JUNIT" />
    </CLASSES>
    <JAVADOC />
    <SOURCES />
    <jarDirectory url="file://$PROJECT_DIR$/../JUNIT" recursive="false" />
  </library>
</component>